Mono path[0] = 'C:/Games/RimWorld 1.4/RimWorldWin64_Data/Managed'
Mono config path = 'C:/Games/RimWorld 1.4/MonoBleedingEdge/etc'
Initialize engine version: 2019.4.30f1 (e8c891080a1f)
[Subsystems] Discovering subsystems at path C:/Games/RimWorld 1.4/RimWorldWin64_Data/UnitySubsystems
GfxDevice: creating device client; threaded=1
Direct3D:
    Version:  Direct3D 11.0 [level 11.1]
    Renderer: AMD Radeon R7 200 Series (ID=0x6610)
    Vendor:   
    VRAM:     1004 MB
    Driver:   27.20.21003.8013
Begin MonoManager ReloadAssembly
- Completed reload, in  0.234 seconds
<RI> Initializing input.
<RI> Input initialized.
D3D11 device created for Microsoft Media Foundation video decoding.
<RI> Initialized touch support.
UnloadTime: 1.541100 ms
Command line arguments: -popupwindow
RimWorld 1.4.3580 rev1294
Fallback handler could not load library C:/Games/RimWorld 1.4/RimWorldWin64_Data/Mono/data-000001F1872E4020.dll
Fallback handler could not load library C:/Games/RimWorld 1.4/RimWorldWin64_Data/Mono/data-000001F1612C0070.dll
Fallback handler could not load library C:/Games/RimWorld 1.4/RimWorldWin64_Data/Mono/data-000001F187423010.dll
Fallback handler could not load library C:/Games/RimWorld 1.4/RimWorldWin64_Data/Mono/data-000001F186D16C60.dll
Fallback handler could not load library C:/Games/RimWorld 1.4/RimWorldWin64_Data/Mono/data-000001F186D22070.dll
Fallback handler could not load library C:/Games/RimWorld 1.4/RimWorldWin64_Data/Mono/data-000001F187483E50.dll
Fallback handler could not load library C:/Games/RimWorld 1.4/RimWorldWin64_Data/Mono/data-000001F18748AE70.dll
Fallback handler could not load library C:/Games/RimWorld 1.4/RimWorldWin64_Data/Mono/data-000001F16143B0A0.dll
Fallback handler could not load library C:/Games/RimWorld 1.4/RimWorldWin64_Data/Mono/data-000001F187498890.dll
Fallback handler could not load library C:/Games/RimWorld 1.4/RimWorldWin64_Data/Mono/data-000001F18750F010.dll
Fallback handler could not load library C:/Games/RimWorld 1.4/RimWorldWin64_Data/Mono/data-000001F18755DD70.dll
Fallback handler could not load library C:/Games/RimWorld 1.4/RimWorldWin64_Data/Mono/data-000001F18755F780.dll
Fallback handler could not load library C:/Games/RimWorld 1.4/RimWorldWin64_Data/Mono/data-000001F187566FA0.dll
Fallback handler could not load library C:/Games/RimWorld 1.4/RimWorldWin64_Data/Mono/data-000001F1875821B0.dll
Fallback handler could not load library C:/Games/RimWorld 1.4/RimWorldWin64_Data/Mono/data-000001F18759B9C0.dll
Fallback handler could not load library C:/Games/RimWorld 1.4/RimWorldWin64_Data/Mono/data-000001F186D25280.dll
Fallback handler could not load library C:/Games/RimWorld 1.4/RimWorldWin64_Data/Mono/data-000001F18759D7D0.dll
Fallback handler could not load library C:/Games/RimWorld 1.4/RimWorldWin64_Data/Mono/data-000001F18759EDE0.dll
Fallback handler could not load library C:/Games/RimWorld 1.4/RimWorldWin64_Data/Mono/data-000001F1875B6600.dll
Fallback handler could not load library C:/Games/RimWorld 1.4/RimWorldWin64_Data/Mono/data-000001F1875D0230.dll
Fallback handler could not load library C:/Games/RimWorld 1.4/RimWorldWin64_Data/Mono/data-000001F1876B2E40.dll
Fallback handler could not load library C:/Games/RimWorld 1.4/RimWorldWin64_Data/Mono/data-000001F1876FB190.dll
Setting up 2 worker threads for Enlighten.
  Thread -> id: 208c -> priority: 1 
  Thread -> id: 221c -> priority: 1 
Fallback handler could not load library C:/Games/RimWorld 1.4/RimWorldWin64_Data/Mono/data-000001F18771C1B0.dll
Fallback handler could not load library C:/Games/RimWorld 1.4/RimWorldWin64_Data/Mono/data-000001F186DF02B0.dll
Fallback handler could not load library C:/Games/RimWorld 1.4/RimWorldWin64_Data/Mono/data-000001F187050AD0.dll
Fallback handler could not load library C:/Games/RimWorld 1.4/RimWorldWin64_Data/Mono/data-000001F160D05290.dll
Fallback handler could not load library C:/Games/RimWorld 1.4/RimWorldWin64_Data/Mono/data-000001F187859820.dll
Fallback handler could not load library C:/Games/RimWorld 1.4/RimWorldWin64_Data/Mono/data-000001F186EA6020.dll
Exception loading 0MultiplayerAPI.dll: System.Threading.ThreadAbortException
  at (wrapper managed-to-native) System.IO.MonoIO.GetFileAttributes(char*,System.IO.MonoIOError&)
  at System.IO.MonoIO.GetFileAttributes (System.String path, System.IO.MonoIOError& error) [0x00010] in <eae584ce26bc40229c1b1aa476bfa589>:0 
  at System.IO.MonoIO.ExistsDirectory (System.String path, System.IO.MonoIOError& error) [0x00000] in <eae584ce26bc40229c1b1aa476bfa589>:0 
  at System.IO.Directory.Exists (System.String path) [0x0001d] in <eae584ce26bc40229c1b1aa476bfa589>:0 
  at System.IO.FileStream..ctor (System.String path, System.IO.FileMode mode, System.IO.FileAccess access, System.IO.FileShare share, System.Int32 bufferSize, System.Boolean anonymous, System.IO.FileOptions options) [0x0013f] in <eae584ce26bc40229c1b1aa476bfa589>:0 
  at System.IO.FileStream..ctor (System.String path, System.IO.FileMode mode, System.IO.FileAccess access, System.IO.FileShare share) [0x00000] in <eae584ce26bc40229c1b1aa476bfa589>:0 
  at (wrapper remoting-invoke-with-check) System.IO.FileStream..ctor(string,System.IO.FileMode,System.IO.FileAccess,System.IO.FileShare)
  at System.IO.File.OpenRead (System.String path) [0x00000] in <eae584ce26bc40229c1b1aa476bfa589>:0 
  at System.IO.File.ReadAllBytes (System.String path) [0x00000] in <eae584ce26bc40229c1b1aa476bfa589>:0 
  at Verse.ModAssemblyHandler.ReloadAll () [0x000b1] in <0aa5ff10b5a84f7da48080504cb32469>:0  
(Filename: C:\buildslave\unity\build\Runtime/Export/Debug/Debug.bindings.h Line: 39)

Could not reload mod content for mod syrchalis.processor.framework: System.Threading.ThreadAbortException
  at Verse.ModAssemblyHandler.ReloadAll () [0x00139] in <0aa5ff10b5a84f7da48080504cb32469>:0 
  at Verse.ModContentPack.ReloadContent () [0x00011] in <0aa5ff10b5a84f7da48080504cb32469>:0 
  at Verse.LoadedModManager.LoadModContent () [0x00049] in <0aa5ff10b5a84f7da48080504cb32469>:0  
(Filename: C:\buildslave\unity\build\Runtime/Export/Debug/Debug.bindings.h Line: 39)

Caught exception while loading play data but there are active mods other than Core. Resetting mods config and trying again.
The exception was: System.Threading.ThreadAbortException
  at Verse.LoadedModManager.LoadModContent () [0x0007f] in <0aa5ff10b5a84f7da48080504cb32469>:0 
  at Verse.LoadedModManager.LoadAllActiveMods () [0x00038] in <0aa5ff10b5a84f7da48080504cb32469>:0 
  at Verse.PlayDataLoader.DoPlayLoad () [0x00026] in <0aa5ff10b5a84f7da48080504cb32469>:0 
  at Verse.PlayDataLoader.LoadAllPlayData (System.Boolean recovering) [0x0001c] in <0aa5ff10b5a84f7da48080504cb32469>:0  
(Filename: C:\buildslave\unity\build\Runtime/Export/Debug/Debug.bindings.h Line: 39)

